#
# There is insufficient memory for the Java Runtime Environment to continue.
# Native memory allocation (malloc) failed to allocate 32744 bytes. Error detail: ChunkPool::allocate
# Possible reasons:
#   The system is out of physical RAM or swap space
#   This process is running with CompressedOops enabled, and the Java Heap may be blocking the growth of the native heap
# Possible solutions:
#   Reduce memory load on the system
#   Increase physical memory or swap space
#   Check if swap backing store is full
#   Decrease Java heap size (-Xmx/-Xms)
#   Decrease number of Java threads
#   Decrease Java thread stack sizes (-Xss)
#   Set larger code cache with -XX:ReservedCodeCacheSize=
#   JVM is running with Unscaled Compressed Oops mode in which the Java heap is
#     placed in the first 4GB address space. The Java Heap base address is the
#     maximum limit for the native heap growth. Please use -XX:HeapBaseMinAddress
#     to set the Java Heap base and to place the Java Heap above 4GB virtual address.
# This output file may be truncated or incomplete.
#
#  Out of Memory Error (arena.cpp:79), pid=10764, tid=3744
#
# JRE version: OpenJDK Runtime Environment Temurin-17.0.13+11 (17.0.13+11) (build 17.0.13+11)
# Java VM: OpenJDK 64-Bit Server VM Temurin-17.0.13+11 (17.0.13+11, mixed mode, tiered, compressed oops, compressed class ptrs, parallel gc, windows-amd64)
# No core dump will be written. Minidumps are not enabled by default on client versions of Windows
#

---------------  S U M M A R Y ------------

Command Line: --add-modules=ALL-SYSTEM --add-opens=java.base/java.util=ALL-UNNAMED --add-opens=java.base/java.lang=ALL-UNNAMED --add-opens=java.base/sun.nio.fs=ALL-UNNAMED -Declipse.application=org.eclipse.jdt.ls.core.id1 -Dosgi.bundles.defaultStartLevel=4 -Declipse.product=org.eclipse.jdt.ls.core.product -Djava.import.generatesMetadataFilesAtProjectRoot=false -DDetectVMInstallationsJob.disabled=true -Dfile.encoding=utf8 -XX:+UseParallelGC -XX:GCTimeRatio=4 -XX:AdaptiveSizePolicyWeight=90 -Dsun.zip.disableMemoryMapping=true -Xmx1G -Xms100m -Xlog:disable -javaagent:c:\Users\VICKY\.vscode\extensions\redhat.java-1.38.0-win32-x64\lombok\lombok-1.18.34.jar -XX:+HeapDumpOnOutOfMemoryError -XX:HeapDumpPath=c:\Users\VICKY\AppData\Roaming\Code\User\workspaceStorage\095fdcc70cab7a2eddf88d35d792971f\redhat.java -Daether.dependencyCollector.impl=bf c:\Users\VICKY\.vscode\extensions\redhat.java-1.38.0-win32-x64\server\plugins\org.eclipse.equinox.launcher_1.6.900.v20240613-2009.jar -configuration c:\Users\VICKY\AppData\Roaming\Code\User\globalStorage\redhat.java\1.38.0\config_win -data c:\Users\VICKY\AppData\Roaming\Code\User\workspaceStorage\095fdcc70cab7a2eddf88d35d792971f\redhat.java\jdt_ws --pipe=\\.\pipe\lsp-f805d2badd12c4ed8f94dac1d4e0f3c4-sock

Host: Intel(R) Core(TM) i3-5010U CPU @ 2.10GHz, 4 cores, 3G,  Windows 10 , 64 bit Build 19041 (10.0.19041.5198)
Time: Wed Feb  5 15:22:56 2025 India Standard Time elapsed time: 258.113532 seconds (0d 0h 4m 18s)

---------------  T H R E A D  ---------------

Current thread (0x0000021eff01fc50):  JavaThread "C1 CompilerThread0" daemon [_thread_in_native, id=3744, stack(0x000000be26800000,0x000000be26900000)]


Current CompileTask:
C1: 258113 7609       3       org.eclipse.jdt.internal.core.search.indexing.AbstractIndexer::addMethodDeclaration (105 bytes)

Stack: [0x000000be26800000,0x000000be26900000]
Native frames: (J=compiled Java code, j=interpreted, Vv=VM code, C=native code)
V  [jvm.dll+0x682a19]
V  [jvm.dll+0x839538]
V  [jvm.dll+0x83afe3]
V  [jvm.dll+0x83b653]
V  [jvm.dll+0x24704f]
V  [jvm.dll+0xad03c]
V  [jvm.dll+0xad4cc]
V  [jvm.dll+0xb8b4d]
V  [jvm.dll+0x176c5b]
V  [jvm.dll+0x17dde6]
V  [jvm.dll+0x176331]
V  [jvm.dll+0x175729]
V  [jvm.dll+0x17e87b]
V  [jvm.dll+0x176ab8]
V  [jvm.dll+0x179e9f]
V  [jvm.dll+0x135503]
V  [jvm.dll+0x134dcf]
V  [jvm.dll+0x135018]
V  [jvm.dll+0x1344a1]
V  [jvm.dll+0x13618d]
V  [jvm.dll+0x22788c]
V  [jvm.dll+0x2259eb]
V  [jvm.dll+0x7eec98]
V  [jvm.dll+0x7e8ffc]
V  [jvm.dll+0x6818f7]
C  [ucrtbase.dll+0x21bb2]
C  [KERNEL32.DLL+0x17374]
C  [ntdll.dll+0x4cc91]


---------------  P R O C E S S  ---------------

Threads class SMR info:
_java_thread_list=0x0000021e81931ab0, length=36, elements={
0x0000021ee6034090, 0x0000021ee60ecd10, 0x0000021ee60ee480, 0x0000021ef9ea3150,
0x0000021ef9ea3dd0, 0x0000021ef9ea4a50, 0x0000021ef9ea7420, 0x0000021ef9ea9030,
0x0000021eff01fc50, 0x0000021eff022920, 0x0000021ee609a4b0, 0x0000021eff2961c0,
0x0000021eff860fd0, 0x0000021eff7d41d0, 0x0000021eff7c6d40, 0x0000021eff7d0fd0,
0x0000021eff97bc40, 0x0000021eff54d3b0, 0x0000021eff54d8c0, 0x0000021eff54b040,
0x0000021eff54ddd0, 0x0000021eff54c480, 0x0000021eff54b550, 0x0000021eff54e2e0,
0x0000021eff54ba60, 0x0000021eff54cea0, 0x0000021e81efaf30, 0x0000021e81efb440,
0x0000021e81efbe60, 0x0000021e81efa510, 0x0000021e81efaa20, 0x0000021e81efb950,
0x0000021e81efc370, 0x0000021e81efcd90, 0x0000021eff54e7f0, 0x0000021eff54c990
}

Java Threads: ( => current thread )
  0x0000021ee6034090 JavaThread "main" [_thread_blocked, id=60, stack(0x000000be25e00000,0x000000be25f00000)]
  0x0000021ee60ecd10 JavaThread "Reference Handler" daemon [_thread_blocked, id=3556, stack(0x000000be26100000,0x000000be26200000)]
  0x0000021ee60ee480 JavaThread "Finalizer" daemon [_thread_blocked, id=2424, stack(0x000000be26200000,0x000000be26300000)]
  0x0000021ef9ea3150 JavaThread "Signal Dispatcher" daemon [_thread_blocked, id=8496, stack(0x000000be26300000,0x000000be26400000)]
  0x0000021ef9ea3dd0 JavaThread "Attach Listener" daemon [_thread_blocked, id=11728, stack(0x000000be26400000,0x000000be26500000)]
  0x0000021ef9ea4a50 JavaThread "Service Thread" daemon [_thread_blocked, id=11868, stack(0x000000be26500000,0x000000be26600000)]
  0x0000021ef9ea7420 JavaThread "Monitor Deflation Thread" daemon [_thread_blocked, id=2076, stack(0x000000be26600000,0x000000be26700000)]
  0x0000021ef9ea9030 JavaThread "C2 CompilerThread0" daemon [_thread_in_native, id=7724, stack(0x000000be26700000,0x000000be26800000)]
=>0x0000021eff01fc50 JavaThread "C1 CompilerThread0" daemon [_thread_in_native, id=3744, stack(0x000000be26800000,0x000000be26900000)]
  0x0000021eff022920 JavaThread "Sweeper thread" daemon [_thread_blocked, id=8752, stack(0x000000be26900000,0x000000be26a00000)]
  0x0000021ee609a4b0 JavaThread "Common-Cleaner" daemon [_thread_blocked, id=8824, stack(0x000000be26a00000,0x000000be26b00000)]
  0x0000021eff2961c0 JavaThread "Notification Thread" daemon [_thread_blocked, id=3656, stack(0x000000be26b00000,0x000000be26c00000)]
  0x0000021eff860fd0 JavaThread "Active Thread: Equinox Container: caa9db54-12d5-4309-aa3b-2dc3459ad12b" [_thread_blocked, id=3116, stack(0x000000be26f00000,0x000000be27000000)]
  0x0000021eff7d41d0 JavaThread "Refresh Thread: Equinox Container: caa9db54-12d5-4309-aa3b-2dc3459ad12b" daemon [_thread_blocked, id=4048, stack(0x000000be25b00000,0x000000be25c00000)]
  0x0000021eff7c6d40 JavaThread "Framework Event Dispatcher: Equinox Container: caa9db54-12d5-4309-aa3b-2dc3459ad12b" daemon [_thread_blocked, id=5672, stack(0x000000be27000000,0x000000be27100000)]
  0x0000021eff7d0fd0 JavaThread "Start Level: Equinox Container: caa9db54-12d5-4309-aa3b-2dc3459ad12b" daemon [_thread_blocked, id=2108, stack(0x000000be27100000,0x000000be27200000)]
  0x0000021eff97bc40 JavaThread "Bundle File Closer" daemon [_thread_blocked, id=2140, stack(0x000000be25c00000,0x000000be25d00000)]
  0x0000021eff54d3b0 JavaThread "SCR Component Actor" daemon [_thread_blocked, id=10288, stack(0x000000be27200000,0x000000be27300000)]
  0x0000021eff54d8c0 JavaThread "Worker-JM" [_thread_blocked, id=9808, stack(0x000000be27400000,0x000000be27500000)]
  0x0000021eff54b040 JavaThread "JNA Cleaner" daemon [_thread_blocked, id=3112, stack(0x000000be27600000,0x000000be27700000)]
  0x0000021eff54ddd0 JavaThread "Worker-0" [_thread_blocked, id=10400, stack(0x000000be27700000,0x000000be27800000)]
  0x0000021eff54c480 JavaThread "Worker-1: Publish Diagnostics" [_thread_in_native, id=7500, stack(0x000000be27800000,0x000000be27900000)]
  0x0000021eff54b550 JavaThread "Java indexing" daemon [_thread_in_vm, id=6920, stack(0x000000be27900000,0x000000be27a00000)]
  0x0000021eff54e2e0 JavaThread "Worker-2" [_thread_blocked, id=11352, stack(0x000000be27a00000,0x000000be27b00000)]
  0x0000021eff54ba60 JavaThread "Worker-3: Initialize workspace" [_thread_blocked, id=10572, stack(0x000000be27300000,0x000000be27400000)]
  0x0000021eff54cea0 JavaThread "Thread-2" daemon [_thread_in_native, id=10156, stack(0x000000be27d00000,0x000000be27e00000)]
  0x0000021e81efaf30 JavaThread "Thread-3" daemon [_thread_in_native, id=4988, stack(0x000000be27e00000,0x000000be27f00000)]
  0x0000021e81efb440 JavaThread "Thread-4" daemon [_thread_in_native, id=2464, stack(0x000000be27f00000,0x000000be28000000)]
  0x0000021e81efbe60 JavaThread "Thread-5" daemon [_thread_in_native, id=1284, stack(0x000000be28000000,0x000000be28100000)]
  0x0000021e81efa510 JavaThread "Thread-6" daemon [_thread_in_native, id=10508, stack(0x000000be28100000,0x000000be28200000)]
  0x0000021e81efaa20 JavaThread "pool-2-thread-1" [_thread_blocked, id=7920, stack(0x000000be28200000,0x000000be28300000)]
  0x0000021e81efb950 JavaThread "WorkspaceEventsHandler" [_thread_blocked, id=7016, stack(0x000000be28300000,0x000000be28400000)]
  0x0000021e81efc370 JavaThread "pool-1-thread-1" [_thread_blocked, id=8972, stack(0x000000be28400000,0x000000be28500000)]
  0x0000021e81efcd90 JavaThread "Worker-4: Initialize Workspace" [_thread_blocked, id=9068, stack(0x000000be28500000,0x000000be28600000)]
  0x0000021eff54e7f0 JavaThread "ForkJoinPool.commonPool-worker-1" daemon [_thread_in_native, id=5204, stack(0x000000be27500000,0x000000be27600000)]
  0x0000021eff54c990 JavaThread "Worker-5: Java indexing... " [_thread_blocked, id=11096, stack(0x000000be28600000,0x000000be28700000)]

Other Threads:
  0x0000021ef9e656e0 VMThread "VM Thread" [stack: 0x000000be26000000,0x000000be26100000] [id=10944]
  0x0000021eff3cfcf0 WatcherThread [stack: 0x000000be26c00000,0x000000be26d00000] [id=8]
  0x0000021ee604b960 GCTaskThread "GC Thread#0" [stack: 0x000000be25f00000,0x000000be26000000] [id=4972]
  0x0000021eff311020 GCTaskThread "GC Thread#1" [stack: 0x000000be25d00000,0x000000be25e00000] [id=5424]
  0x0000021eff71dc90 GCTaskThread "GC Thread#2" [stack: 0x000000be26d00000,0x000000be26e00000] [id=7104]
  0x0000021eff3112e0 GCTaskThread "GC Thread#3" [stack: 0x000000be26e00000,0x000000be26f00000] [id=10892]

Threads with active compile tasks:
C2 CompilerThread0   261156 7581       4       org.eclipse.jdt.internal.core.util.SimpleWordSet::add (81 bytes)
C1 CompilerThread0   261156 7609       3       org.eclipse.jdt.internal.core.search.indexing.AbstractIndexer::addMethodDeclaration (105 bytes)

VM state: not at safepoint (normal execution)

VM Mutex/Monitor currently owned by a thread: None

Heap address: 0x00000000c0000000, size: 1024 MB, Compressed Oops mode: 32-bit

CDS archive(s) not mapped
Compressed class space mapped at: 0x0000000100000000-0x0000000140000000, reserved size: 1073741824
Narrow klass base: 0x0000000000000000, Narrow klass shift: 3, Narrow klass range: 0x140000000

GC Precious Log:
 CPUs: 4 total, 4 available
 Memory: 3517M
 Large Page Support: Disabled
 NUMA Support: Disabled
 Compressed Oops: Enabled (32-bit)
 Alignments: Space 512K, Generation 512K, Heap 2M
 Heap Min Capacity: 100M
 Heap Initial Capacity: 100M
 Heap Max Capacity: 1G
 Pre-touch: Disabled
 Parallel Workers: 4

Heap:
 PSYoungGen      total 21504K, used 11167K [0x00000000eab00000, 0x00000000ec280000, 0x0000000100000000)
  eden space 20992K, 50% used [0x00000000eab00000,0x00000000eb56b970,0x00000000ebf80000)
  from space 512K, 97% used [0x00000000ec200000,0x00000000ec27c2a8,0x00000000ec280000)
  to   space 1024K, 0% used [0x00000000ec080000,0x00000000ec080000,0x00000000ec180000)
 ParOldGen       total 68608K, used 44544K [0x00000000c0000000, 0x00000000c4300000, 0x00000000eab00000)
  object space 68608K, 64% used [0x00000000c0000000,0x00000000c2b801b8,0x00000000c4300000)
 Metaspace       used 62897K, committed 64192K, reserved 1114112K
  class space    used 6694K, committed 7232K, reserved 1048576K

Card table byte_map: [0x0000021ee59d0000,0x0000021ee5be0000] _byte_map_base: 0x0000021ee53d0000

Marking Bits: (ParMarkBitMap*) 0x00007ffac1376940
 Begin Bits: [0x0000021ef7cd0000, 0x0000021ef8cd0000)
 End Bits:   [0x0000021ef8cd0000, 0x0000021ef9cd0000)

Polling page: 0x0000021ee3ee0000

Metaspace:

Usage:
  Non-class:     54.89 MB used.
      Class:      6.54 MB used.
       Both:     61.42 MB used.

Virtual space:
  Non-class space:       64.00 MB reserved,      55.62 MB ( 87%) committed,  1 nodes.
      Class space:        1.00 GB reserved,       7.06 MB ( <1%) committed,  1 nodes.
             Both:        1.06 GB reserved,      62.69 MB (  6%) committed. 

Chunk freelists:
   Non-Class:  7.86 MB
       Class:  8.89 MB
        Both:  16.75 MB

MaxMetaspaceSize: unlimited
CompressedClassSpaceSize: 1.00 GB
Initial GC threshold: 21.00 MB
Current GC threshold: 97.31 MB
CDS: off
MetaspaceReclaimPolicy: balanced
 - commit_granule_bytes: 65536.
 - commit_granule_words: 8192.
 - virtual_space_node_default_size: 8388608.
 - enlarge_chunks_in_place: 1.
 - new_chunks_are_fully_committed: 0.
 - uncommit_free_chunks: 1.
 - use_allocation_guard: 0.
 - handle_deallocations: 1.


Internal statistics:

num_allocs_failed_limit: 9.
num_arena_births: 802.
num_arena_deaths: 14.
num_vsnodes_births: 2.
num_vsnodes_deaths: 0.
num_space_committed: 1003.
num_space_uncommitted: 0.
num_chunks_returned_to_freelist: 23.
num_chunks_taken_from_freelist: 3370.
num_chunk_merges: 13.
num_chunk_splits: 2087.
num_chunks_enlarged: 1164.
num_inconsistent_stats: 0.

CodeHeap 'non-profiled nmethods': size=120000Kb used=4272Kb max_used=4272Kb free=115727Kb
 bounds [0x0000021ef07a0000, 0x0000021ef0bd0000, 0x0000021ef7cd0000]
CodeHeap 'profiled nmethods': size=120000Kb used=14836Kb max_used=14836Kb free=105164Kb
 bounds [0x0000021ee8cd0000, 0x0000021ee9b50000, 0x0000021ef0200000]
CodeHeap 'non-nmethods': size=5760Kb used=1348Kb max_used=1401Kb free=4411Kb
 bounds [0x0000021ef0200000, 0x0000021ef0470000, 0x0000021ef07a0000]
 total_blobs=7504 nmethods=6805 adapters=611
 compilation: enabled
              stopped_count=0, restarted_count=0
 full_count=0

Compilation events (20 events):
Event: 257.762 Thread 0x0000021eff01fc50 nmethod 7599 0x0000021ee9b49210 code [0x0000021ee9b49400, 0x0000021ee9b498c8]
Event: 257.762 Thread 0x0000021eff01fc50 7601       3       org.eclipse.jdt.internal.compiler.classfmt.MethodInfo::decodeCodeAttribute (143 bytes)
Event: 257.763 Thread 0x0000021eff01fc50 nmethod 7601 0x0000021ee9b49b10 code [0x0000021ee9b49d40, 0x0000021ee9b4a8e8]
Event: 257.764 Thread 0x0000021eff01fc50 7600       3       org.eclipse.jdt.internal.compiler.classfmt.MethodInfo::getModifiers (17 bytes)
Event: 257.764 Thread 0x0000021eff01fc50 nmethod 7600 0x0000021ee9b4ad90 code [0x0000021ee9b4af40, 0x0000021ee9b4b0c8]
Event: 257.764 Thread 0x0000021eff01fc50 7602   !   3       sun.nio.fs.WindowsPath::toAbsolutePath (56 bytes)
Event: 257.765 Thread 0x0000021eff01fc50 nmethod 7602 0x0000021ee9b4b190 code [0x0000021ee9b4b3e0, 0x0000021ee9b4bc98]
Event: 257.765 Thread 0x0000021eff01fc50 7603       3       sun.nio.fs.WindowsPath::toAbsolutePath (5 bytes)
Event: 257.765 Thread 0x0000021eff01fc50 nmethod 7603 0x0000021ee9b4c010 code [0x0000021ee9b4c1a0, 0x0000021ee9b4c348]
Event: 257.765 Thread 0x0000021eff01fc50 7604       3       org.eclipse.jdt.internal.compiler.classfmt.FieldInfo::<init> (24 bytes)
Event: 257.766 Thread 0x0000021eff01fc50 nmethod 7604 0x0000021ee9b4c410 code [0x0000021ee9b4c5c0, 0x0000021ee9b4c7d8]
Event: 257.766 Thread 0x0000021eff01fc50 7605       3       org.eclipse.jdt.internal.compiler.classfmt.MethodInfo::isClinit (8 bytes)
Event: 257.766 Thread 0x0000021eff01fc50 nmethod 7605 0x0000021ee9b4c910 code [0x0000021ee9b4cac0, 0x0000021ee9b4cd88]
Event: 257.766 Thread 0x0000021eff01fc50 7606       3       org.eclipse.jdt.internal.compiler.classfmt.JavaBinaryNames::isClinit (19 bytes)
Event: 257.766 Thread 0x0000021eff01fc50 nmethod 7606 0x0000021ee9b4ce90 code [0x0000021ee9b4d040, 0x0000021ee9b4d1f8]
Event: 257.766 Thread 0x0000021eff01fc50 7607       1       org.eclipse.jdt.internal.compiler.classfmt.FieldInfo::getAnnotations (2 bytes)
Event: 257.766 Thread 0x0000021eff01fc50 nmethod 7607 0x0000021ef0bcbb90 code [0x0000021ef0bcbd20, 0x0000021ef0bcbdf8]
Event: 257.766 Thread 0x0000021eff01fc50 7608       1       org.eclipse.jdt.internal.compiler.classfmt.FieldInfo::getTagBits (5 bytes)
Event: 257.766 Thread 0x0000021eff01fc50 nmethod 7608 0x0000021ef0bcbe90 code [0x0000021ef0bcc020, 0x0000021ef0bcc0f8]
Event: 257.767 Thread 0x0000021eff01fc50 7609       3       org.eclipse.jdt.internal.core.search.indexing.AbstractIndexer::addMethodDeclaration (105 bytes)

GC Heap History (20 events):
Event: 193.637 GC heap before
{Heap before GC invocations=29 (full 3):
 PSYoungGen      total 22016K, used 21997K [0x00000000eab00000, 0x00000000ec380000, 0x0000000100000000)
  eden space 20992K, 100% used [0x00000000eab00000,0x00000000ebf80000,0x00000000ebf80000)
  from space 1024K, 98% used [0x00000000ec000000,0x00000000ec0fb7e8,0x00000000ec100000)
  to   space 2048K, 0% used [0x00000000ec180000,0x00000000ec180000,0x00000000ec380000)
 ParOldGen       total 68608K, used 30320K [0x00000000c0000000, 0x00000000c4300000, 0x00000000eab00000)
  object space 68608K, 44% used [0x00000000c0000000,0x00000000c1d9c228,0x00000000c4300000)
 Metaspace       used 60081K, committed 61248K, reserved 1114112K
  class space    used 6449K, committed 6912K, reserved 1048576K
}
Event: 193.639 GC heap after
{Heap after GC invocations=29 (full 3):
 PSYoungGen      total 21504K, used 192K [0x00000000eab00000, 0x00000000ec200000, 0x0000000100000000)
  eden space 20992K, 0% used [0x00000000eab00000,0x00000000eab00000,0x00000000ebf80000)
  from space 512K, 37% used [0x00000000ec180000,0x00000000ec1b0000,0x00000000ec200000)
  to   space 1024K, 0% used [0x00000000ec000000,0x00000000ec000000,0x00000000ec100000)
 ParOldGen       total 68608K, used 30799K [0x00000000c0000000, 0x00000000c4300000, 0x00000000eab00000)
  object space 68608K, 44% used [0x00000000c0000000,0x00000000c1e13c60,0x00000000c4300000)
 Metaspace       used 60081K, committed 61248K, reserved 1114112K
  class space    used 6449K, committed 6912K, reserved 1048576K
}
Event: 197.653 GC heap before
{Heap before GC invocations=30 (full 3):
 PSYoungGen      total 21504K, used 21184K [0x00000000eab00000, 0x00000000ec200000, 0x0000000100000000)
  eden space 20992K, 100% used [0x00000000eab00000,0x00000000ebf80000,0x00000000ebf80000)
  from space 512K, 37% used [0x00000000ec180000,0x00000000ec1b0000,0x00000000ec200000)
  to   space 1024K, 0% used [0x00000000ec000000,0x00000000ec000000,0x00000000ec100000)
 ParOldGen       total 68608K, used 30799K [0x00000000c0000000, 0x00000000c4300000, 0x00000000eab00000)
  object space 68608K, 44% used [0x00000000c0000000,0x00000000c1e13c60,0x00000000c4300000)
 Metaspace       used 61999K, committed 63296K, reserved 1114112K
  class space    used 6624K, committed 7168K, reserved 1048576K
}
Event: 197.656 GC heap after
{Heap after GC invocations=30 (full 3):
 PSYoungGen      total 22016K, used 1024K [0x00000000eab00000, 0x00000000ec380000, 0x0000000100000000)
  eden space 20992K, 0% used [0x00000000eab00000,0x00000000eab00000,0x00000000ebf80000)
  from space 1024K, 100% used [0x00000000ec000000,0x00000000ec100000,0x00000000ec100000)
  to   space 2048K, 0% used [0x00000000ec180000,0x00000000ec180000,0x00000000ec380000)
 ParOldGen       total 68608K, used 31296K [0x00000000c0000000, 0x00000000c4300000, 0x00000000eab00000)
  object space 68608K, 45% used [0x00000000c0000000,0x00000000c1e902a0,0x00000000c4300000)
 Metaspace       used 61999K, committed 63296K, reserved 1114112K
  class space    used 6624K, committed 7168K, reserved 1048576K
}
Event: 197.715 GC heap before
{Heap before GC invocations=31 (full 3):
 PSYoungGen      total 22016K, used 22016K [0x00000000eab00000, 0x00000000ec380000, 0x0000000100000000)
  eden space 20992K, 100% used [0x00000000eab00000,0x00000000ebf80000,0x00000000ebf80000)
  from space 1024K, 100% used [0x00000000ec000000,0x00000000ec100000,0x00000000ec100000)
  to   space 2048K, 0% used [0x00000000ec180000,0x00000000ec180000,0x00000000ec380000)
 ParOldGen       total 68608K, used 31296K [0x00000000c0000000, 0x00000000c4300000, 0x00000000eab00000)
  object space 68608K, 45% used [0x00000000c0000000,0x00000000c1e902a0,0x00000000c4300000)
 Metaspace       used 61999K, committed 63296K, reserved 1114112K
  class space    used 6624K, committed 7168K, reserved 1048576K
}
Event: 197.719 GC heap after
{Heap after GC invocations=31 (full 3):
 PSYoungGen      total 23040K, used 1792K [0x00000000eab00000, 0x00000000ec380000, 0x0000000100000000)
  eden space 20992K, 0% used [0x00000000eab00000,0x00000000eab00000,0x00000000ebf80000)
  from space 2048K, 87% used [0x00000000ec180000,0x00000000ec340000,0x00000000ec380000)
  to   space 2048K, 0% used [0x00000000ebf80000,0x00000000ebf80000,0x00000000ec180000)
 ParOldGen       total 68608K, used 32294K [0x00000000c0000000, 0x00000000c4300000, 0x00000000eab00000)
  object space 68608K, 47% used [0x00000000c0000000,0x00000000c1f89810,0x00000000c4300000)
 Metaspace       used 61999K, committed 63296K, reserved 1114112K
  class space    used 6624K, committed 7168K, reserved 1048576K
}
Event: 197.766 GC heap before
{Heap before GC invocations=32 (full 3):
 PSYoungGen      total 23040K, used 22784K [0x00000000eab00000, 0x00000000ec380000, 0x0000000100000000)
  eden space 20992K, 100% used [0x00000000eab00000,0x00000000ebf80000,0x00000000ebf80000)
  from space 2048K, 87% used [0x00000000ec180000,0x00000000ec340000,0x00000000ec380000)
  to   space 2048K, 0% used [0x00000000ebf80000,0x00000000ebf80000,0x00000000ec180000)
 ParOldGen       total 68608K, used 32294K [0x00000000c0000000, 0x00000000c4300000, 0x00000000eab00000)
  object space 68608K, 47% used [0x00000000c0000000,0x00000000c1f89810,0x00000000c4300000)
 Metaspace       used 62015K, committed 63296K, reserved 1114112K
  class space    used 6625K, committed 7168K, reserved 1048576K
}
Event: 197.772 GC heap after
{Heap after GC invocations=32 (full 3):
 PSYoungGen      total 23040K, used 2020K [0x00000000eab00000, 0x00000000ec880000, 0x0000000100000000)
  eden space 20992K, 0% used [0x00000000eab00000,0x00000000eab00000,0x00000000ebf80000)
  from space 2048K, 98% used [0x00000000ebf80000,0x00000000ec179000,0x00000000ec180000)
  to   space 4608K, 0% used [0x00000000ec400000,0x00000000ec400000,0x00000000ec880000)
 ParOldGen       total 68608K, used 34246K [0x00000000c0000000, 0x00000000c4300000, 0x00000000eab00000)
  object space 68608K, 49% used [0x00000000c0000000,0x00000000c2171810,0x00000000c4300000)
 Metaspace       used 62015K, committed 63296K, reserved 1114112K
  class space    used 6625K, committed 7168K, reserved 1048576K
}
Event: 198.505 GC heap before
{Heap before GC invocations=33 (full 3):
 PSYoungGen      total 23040K, used 23012K [0x00000000eab00000, 0x00000000ec880000, 0x0000000100000000)
  eden space 20992K, 100% used [0x00000000eab00000,0x00000000ebf80000,0x00000000ebf80000)
  from space 2048K, 98% used [0x00000000ebf80000,0x00000000ec179000,0x00000000ec180000)
  to   space 4608K, 0% used [0x00000000ec400000,0x00000000ec400000,0x00000000ec880000)
 ParOldGen       total 68608K, used 34246K [0x00000000c0000000, 0x00000000c4300000, 0x00000000eab00000)
  object space 68608K, 49% used [0x00000000c0000000,0x00000000c2171810,0x00000000c4300000)
 Metaspace       used 62135K, committed 63424K, reserved 1114112K
  class space    used 6636K, committed 7168K, reserved 1048576K
}
Event: 198.516 GC heap after
{Heap after GC invocations=33 (full 3):
 PSYoungGen      total 23552K, used 2208K [0x00000000eab00000, 0x00000000ec680000, 0x0000000100000000)
  eden space 20992K, 0% used [0x00000000eab00000,0x00000000eab00000,0x00000000ebf80000)
  from space 2560K, 86% used [0x00000000ec400000,0x00000000ec628030,0x00000000ec680000)
  to   space 3072K, 0% used [0x00000000ec080000,0x00000000ec080000,0x00000000ec380000)
 ParOldGen       total 68608K, used 36258K [0x00000000c0000000, 0x00000000c4300000, 0x00000000eab00000)
  object space 68608K, 52% used [0x00000000c0000000,0x00000000c2368810,0x00000000c4300000)
 Metaspace       used 62135K, committed 63424K, reserved 1114112K
  class space    used 6636K, committed 7168K, reserved 1048576K
}
Event: 230.304 GC heap before
{Heap before GC invocations=34 (full 3):
 PSYoungGen      total 23552K, used 23200K [0x00000000eab00000, 0x00000000ec680000, 0x0000000100000000)
  eden space 20992K, 100% used [0x00000000eab00000,0x00000000ebf80000,0x00000000ebf80000)
  from space 2560K, 86% used [0x00000000ec400000,0x00000000ec628030,0x00000000ec680000)
  to   space 3072K, 0% used [0x00000000ec080000,0x00000000ec080000,0x00000000ec380000)
 ParOldGen       total 68608K, used 36258K [0x00000000c0000000, 0x00000000c4300000, 0x00000000eab00000)
  object space 68608K, 52% used [0x00000000c0000000,0x00000000c2368810,0x00000000c4300000)
 Metaspace       used 62533K, committed 63744K, reserved 1114112K
  class space    used 6669K, committed 7168K, reserved 1048576K
}
Event: 230.318 GC heap after
{Heap after GC invocations=34 (full 3):
 PSYoungGen      total 23040K, used 1754K [0x00000000eab00000, 0x00000000ec480000, 0x0000000100000000)
  eden space 20992K, 0% used [0x00000000eab00000,0x00000000eab00000,0x00000000ebf80000)
  from space 2048K, 85% used [0x00000000ec080000,0x00000000ec236be0,0x00000000ec280000)
  to   space 2048K, 0% used [0x00000000ec280000,0x00000000ec280000,0x00000000ec480000)
 ParOldGen       total 68608K, used 38394K [0x00000000c0000000, 0x00000000c4300000, 0x00000000eab00000)
  object space 68608K, 55% used [0x00000000c0000000,0x00000000c257e840,0x00000000c4300000)
 Metaspace       used 62533K, committed 63744K, reserved 1114112K
  class space    used 6669K, committed 7168K, reserved 1048576K
}
Event: 240.004 GC heap before
{Heap before GC invocations=35 (full 3):
 PSYoungGen      total 23040K, used 22746K [0x00000000eab00000, 0x00000000ec480000, 0x0000000100000000)
  eden space 20992K, 100% used [0x00000000eab00000,0x00000000ebf80000,0x00000000ebf80000)
  from space 2048K, 85% used [0x00000000ec080000,0x00000000ec236be0,0x00000000ec280000)
  to   space 2048K, 0% used [0x00000000ec280000,0x00000000ec280000,0x00000000ec480000)
 ParOldGen       total 68608K, used 38394K [0x00000000c0000000, 0x00000000c4300000, 0x00000000eab00000)
  object space 68608K, 55% used [0x00000000c0000000,0x00000000c257e840,0x00000000c4300000)
 Metaspace       used 62566K, committed 63872K, reserved 1114112K
  class space    used 6672K, committed 7232K, reserved 1048576K
}
Event: 240.009 GC heap after
{Heap after GC invocations=35 (full 3):
 PSYoungGen      total 23040K, used 1623K [0x00000000eab00000, 0x00000000ec480000, 0x0000000100000000)
  eden space 20992K, 0% used [0x00000000eab00000,0x00000000eab00000,0x00000000ebf80000)
  from space 2048K, 79% used [0x00000000ec280000,0x00000000ec415e78,0x00000000ec480000)
  to   space 2048K, 0% used [0x00000000ec080000,0x00000000ec080000,0x00000000ec280000)
 ParOldGen       total 68608K, used 40053K [0x00000000c0000000, 0x00000000c4300000, 0x00000000eab00000)
  object space 68608K, 58% used [0x00000000c0000000,0x00000000c271d420,0x00000000c4300000)
 Metaspace       used 62566K, committed 63872K, reserved 1114112K
  class space    used 6672K, committed 7232K, reserved 1048576K
}
Event: 240.102 GC heap before
{Heap before GC invocations=36 (full 3):
 PSYoungGen      total 23040K, used 22615K [0x00000000eab00000, 0x00000000ec480000, 0x0000000100000000)
  eden space 20992K, 100% used [0x00000000eab00000,0x00000000ebf80000,0x00000000ebf80000)
  from space 2048K, 79% used [0x00000000ec280000,0x00000000ec415e78,0x00000000ec480000)
  to   space 2048K, 0% used [0x00000000ec080000,0x00000000ec080000,0x00000000ec280000)
 ParOldGen       total 68608K, used 40053K [0x00000000c0000000, 0x00000000c4300000, 0x00000000eab00000)
  object space 68608K, 58% used [0x00000000c0000000,0x00000000c271d420,0x00000000c4300000)
 Metaspace       used 62566K, committed 63872K, reserved 1114112K
  class space    used 6672K, committed 7232K, reserved 1048576K
}
Event: 240.107 GC heap after
{Heap after GC invocations=36 (full 3):
 PSYoungGen      total 21504K, used 416K [0x00000000eab00000, 0x00000000ec300000, 0x0000000100000000)
  eden space 20992K, 0% used [0x00000000eab00000,0x00000000eab00000,0x00000000ebf80000)
  from space 512K, 81% used [0x00000000ec080000,0x00000000ec0e8000,0x00000000ec100000)
  to   space 1024K, 0% used [0x00000000ec200000,0x00000000ec200000,0x00000000ec300000)
 ParOldGen       total 68608K, used 41655K [0x00000000c0000000, 0x00000000c4300000, 0x00000000eab00000)
  object space 68608K, 60% used [0x00000000c0000000,0x00000000c28adf60,0x00000000c4300000)
 Metaspace       used 62566K, committed 63872K, reserved 1114112K
  class space    used 6672K, committed 7232K, reserved 1048576K
}
Event: 240.400 GC heap before
{Heap before GC invocations=37 (full 3):
 PSYoungGen      total 21504K, used 21408K [0x00000000eab00000, 0x00000000ec300000, 0x0000000100000000)
  eden space 20992K, 100% used [0x00000000eab00000,0x00000000ebf80000,0x00000000ebf80000)
  from space 512K, 81% used [0x00000000ec080000,0x00000000ec0e8000,0x00000000ec100000)
  to   space 1024K, 0% used [0x00000000ec200000,0x00000000ec200000,0x00000000ec300000)
 ParOldGen       total 68608K, used 41655K [0x00000000c0000000, 0x00000000c4300000, 0x00000000eab00000)
  object space 68608K, 60% used [0x00000000c0000000,0x00000000c28adf60,0x00000000c4300000)
 Metaspace       used 62566K, committed 63872K, reserved 1114112K
  class space    used 6672K, committed 7232K, reserved 1048576K
}
Event: 240.403 GC heap after
{Heap after GC invocations=37 (full 3):
 PSYoungGen      total 21504K, used 448K [0x00000000eab00000, 0x00000000ec280000, 0x0000000100000000)
  eden space 20992K, 0% used [0x00000000eab00000,0x00000000eab00000,0x00000000ebf80000)
  from space 512K, 87% used [0x00000000ec200000,0x00000000ec270000,0x00000000ec280000)
  to   space 1024K, 0% used [0x00000000ec080000,0x00000000ec080000,0x00000000ec180000)
 ParOldGen       total 68608K, used 42039K [0x00000000c0000000, 0x00000000c4300000, 0x00000000eab00000)
  object space 68608K, 61% used [0x00000000c0000000,0x00000000c290df60,0x00000000c4300000)
 Metaspace       used 62566K, committed 63872K, reserved 1114112K
  class space    used 6672K, committed 7232K, reserved 1048576K
}
Event: 240.475 GC heap before
{Heap before GC invocations=38 (full 3):
 PSYoungGen      total 21504K, used 21440K [0x00000000eab00000, 0x00000000ec280000, 0x0000000100000000)
  eden space 20992K, 100% used [0x00000000eab00000,0x00000000ebf80000,0x00000000ebf80000)
  from space 512K, 87% used [0x00000000ec200000,0x00000000ec270000,0x00000000ec280000)
  to   space 1024K, 0% used [0x00000000ec080000,0x00000000ec080000,0x00000000ec180000)
 ParOldGen       total 68608K, used 42039K [0x00000000c0000000, 0x00000000c4300000, 0x00000000eab00000)
  object space 68608K, 61% used [0x00000000c0000000,0x00000000c290df60,0x00000000c4300000)
 Metaspace       used 62566K, committed 63872K, reserved 1114112K
  class space    used 6672K, committed 7232K, reserved 1048576K
}
Event: 240.477 GC heap after
{Heap after GC invocations=38 (full 3):
 PSYoungGen      total 22016K, used 480K [0x00000000eab00000, 0x00000000ec280000, 0x0000000100000000)
  eden space 20992K, 0% used [0x00000000eab00000,0x00000000eab00000,0x00000000ebf80000)
  from space 1024K, 46% used [0x00000000ec080000,0x00000000ec0f8000,0x00000000ec180000)
  to   space 512K, 0% used [0x00000000ec200000,0x00000000ec200000,0x00000000ec280000)
 ParOldGen       total 68608K, used 42439K [0x00000000c0000000, 0x00000000c4300000, 0x00000000eab00000)
  object space 68608K, 61% used [0x00000000c0000000,0x00000000c2971f60,0x00000000c4300000)
 Metaspace       used 62566K, committed 63872K, reserved 1114112K
  class space    used 6672K, committed 7232K, reserved 1048576K
}

Dll operation events (10 events):
Event: 1.163 Loaded shared library c:\Users\VICKY\.vscode\extensions\redhat.java-1.38.0-win32-x64\jre\17.0.13-win32-x86_64\bin\java.dll
Event: 1.859 Loaded shared library c:\Users\VICKY\.vscode\extensions\redhat.java-1.38.0-win32-x64\jre\17.0.13-win32-x86_64\bin\zip.dll
Event: 2.095 Loaded shared library C:\Users\VICKY\.vscode\extensions\redhat.java-1.38.0-win32-x64\jre\17.0.13-win32-x86_64\bin\instrument.dll
Event: 2.470 Loaded shared library C:\Users\VICKY\.vscode\extensions\redhat.java-1.38.0-win32-x64\jre\17.0.13-win32-x86_64\bin\net.dll
Event: 2.625 Loaded shared library C:\Users\VICKY\.vscode\extensions\redhat.java-1.38.0-win32-x64\jre\17.0.13-win32-x86_64\bin\nio.dll
Event: 2.705 Loaded shared library C:\Users\VICKY\.vscode\extensions\redhat.java-1.38.0-win32-x64\jre\17.0.13-win32-x86_64\bin\zip.dll
Event: 2.998 Loaded shared library C:\Users\VICKY\.vscode\extensions\redhat.java-1.38.0-win32-x64\jre\17.0.13-win32-x86_64\bin\jimage.dll
Event: 4.129 Loaded shared library c:\Users\VICKY\.vscode\extensions\redhat.java-1.38.0-win32-x64\jre\17.0.13-win32-x86_64\bin\verify.dll
Event: 49.601 Loaded shared library C:\Users\VICKY\AppData\Roaming\Code\User\globalStorage\redhat.java\1.38.0\config_win\org.eclipse.equinox.launcher\org.eclipse.equinox.launcher.win32.win32.x86_64_1.2.1100.v20240722-2106\eclipse_11904.dll
Event: 149.561 Loaded shared library C:\Users\VICKY\AppData\Local\Temp\jna-81664350\jna15866323610252866099.dll

Deoptimization events (20 events):
Event: 256.984 Thread 0x0000021eff54b550 Uncommon trap: trap_request=0xffffffde fr.pc=0x0000021ef0b7eb58 relative=0x00000000000008f8
Event: 256.984 Thread 0x0000021eff54b550 Uncommon trap: reason=class_check action=maybe_recompile pc=0x0000021ef0b7eb58 method=org.eclipse.jdt.internal.compiler.util.JrtFileSystem$2.visitFile(Ljava/nio/file/Path;Ljava/nio/file/attribute/BasicFileAttributes;)Ljava/nio/file/FileVisitResult; @ 66 c
Event: 256.984 Thread 0x0000021eff54b550 DEOPT PACKING pc=0x0000021ef0b7eb58 sp=0x000000be279ff1d0
Event: 256.984 Thread 0x0000021eff54b550 DEOPT UNPACKING pc=0x0000021ef02566a3 sp=0x000000be279ff120 mode 2
Event: 256.985 Thread 0x0000021eff54b550 Uncommon trap: trap_request=0xffffffde fr.pc=0x0000021ef0b7eb58 relative=0x00000000000008f8
Event: 256.985 Thread 0x0000021eff54b550 Uncommon trap: reason=class_check action=maybe_recompile pc=0x0000021ef0b7eb58 method=org.eclipse.jdt.internal.compiler.util.JrtFileSystem$2.visitFile(Ljava/nio/file/Path;Ljava/nio/file/attribute/BasicFileAttributes;)Ljava/nio/file/FileVisitResult; @ 66 c
Event: 256.985 Thread 0x0000021eff54b550 DEOPT PACKING pc=0x0000021ef0b7eb58 sp=0x000000be279ff1d0
Event: 256.985 Thread 0x0000021eff54b550 DEOPT UNPACKING pc=0x0000021ef02566a3 sp=0x000000be279ff120 mode 2
Event: 256.988 Thread 0x0000021eff54b550 Uncommon trap: trap_request=0xffffffde fr.pc=0x0000021ef0b80464 relative=0x0000000000000904
Event: 256.988 Thread 0x0000021eff54b550 Uncommon trap: reason=class_check action=maybe_recompile pc=0x0000021ef0b80464 method=org.eclipse.jdt.internal.compiler.util.JrtFileSystem$2.visitFile(Ljava/nio/file/Path;Ljava/nio/file/attribute/BasicFileAttributes;)Ljava/nio/file/FileVisitResult; @ 66 c
Event: 256.988 Thread 0x0000021eff54b550 DEOPT PACKING pc=0x0000021ef0b80464 sp=0x000000be279ff160
Event: 256.988 Thread 0x0000021eff54b550 DEOPT UNPACKING pc=0x0000021ef02566a3 sp=0x000000be279ff120 mode 2
Event: 257.001 Thread 0x0000021eff54b550 Uncommon trap: trap_request=0xffffff6e fr.pc=0x0000021ef0b4e04c relative=0x00000000000003ac
Event: 257.001 Thread 0x0000021eff54b550 Uncommon trap: reason=loop_limit_check action=maybe_recompile pc=0x0000021ef0b4e04c method=org.eclipse.jdt.internal.compiler.classfmt.ClassFileStruct.utf8At(II)[C @ 143 c2
Event: 257.001 Thread 0x0000021eff54b550 DEOPT PACKING pc=0x0000021ef0b4e04c sp=0x000000be279fece0
Event: 257.001 Thread 0x0000021eff54b550 DEOPT UNPACKING pc=0x0000021ef02566a3 sp=0x000000be279fec78 mode 2
Event: 257.747 Thread 0x0000021eff54b550 Uncommon trap: trap_request=0xffffff6e fr.pc=0x0000021ef0bcb01c relative=0x000000000000083c
Event: 257.747 Thread 0x0000021eff54b550 Uncommon trap: reason=loop_limit_check action=maybe_recompile pc=0x0000021ef0bcb01c method=org.eclipse.jdt.internal.core.util.SimpleWordSet.rehash()V @ 44 c2
Event: 257.747 Thread 0x0000021eff54b550 DEOPT PACKING pc=0x0000021ef0bcb01c sp=0x000000be279feb20
Event: 257.747 Thread 0x0000021eff54b550 DEOPT UNPACKING pc=0x0000021ef02566a3 sp=0x000000be279fea30 mode 2

Classes loaded (20 events):
Event: 196.180 Loading class java/util/concurrent/CompletableFuture$UniApply
Event: 196.181 Loading class java/util/concurrent/CompletableFuture$UniApply done
Event: 196.182 Loading class java/util/concurrent/ForkJoinPool$DefaultCommonPoolForkJoinWorkerThreadFactory$1
Event: 196.182 Loading class java/util/concurrent/ForkJoinPool$DefaultCommonPoolForkJoinWorkerThreadFactory$1 done
Event: 196.182 Loading class java/util/concurrent/CompletableFuture$UniExceptionally
Event: 196.182 Loading class java/util/concurrent/CompletableFuture$UniExceptionally done
Event: 197.595 Loading class java/lang/UnsupportedClassVersionError
Event: 197.595 Loading class java/lang/UnsupportedClassVersionError done
Event: 197.595 Loading class java/io/FileReader
Event: 197.595 Loading class java/io/FileReader done
Event: 197.603 Loading class jdk/internal/reflect/UnsafeQualifiedStaticIntegerFieldAccessorImpl
Event: 197.603 Loading class jdk/internal/reflect/UnsafeQualifiedStaticIntegerFieldAccessorImpl done
Event: 256.964 Loading class java/lang/invoke/BoundMethodHandle$Species_LLLLLLLLLL
Event: 256.965 Loading class java/lang/invoke/BoundMethodHandle$Species_LLLLLLLLLL done
Event: 256.967 Loading class java/lang/invoke/BoundMethodHandle$Species_LLLLLLLLLLL
Event: 256.967 Loading class java/lang/invoke/BoundMethodHandle$Species_LLLLLLLLLLL done
Event: 256.972 Loading class java/lang/invoke/BoundMethodHandle$Species_LLLLLLLLLLLL
Event: 256.972 Loading class java/lang/invoke/BoundMethodHandle$Species_LLLLLLLLLLLL done
Event: 256.974 Loading class java/lang/invoke/BoundMethodHandle$Species_LLLLLLLLLLLLL
Event: 256.975 Loading class java/lang/invoke/BoundMethodHandle$Species_LLLLLLLLLLLLL done

Classes unloaded (7 events):
Event: 155.230 Thread 0x0000021ef9e656e0 Unloading class 0x000000010025c000 'java/lang/invoke/LambdaForm$MH+0x000000010025c000'
Event: 155.230 Thread 0x0000021ef9e656e0 Unloading class 0x000000010025bc00 'java/lang/invoke/LambdaForm$MH+0x000000010025bc00'
Event: 155.230 Thread 0x0000021ef9e656e0 Unloading class 0x000000010025b800 'java/lang/invoke/LambdaForm$MH+0x000000010025b800'
Event: 155.230 Thread 0x0000021ef9e656e0 Unloading class 0x000000010025b400 'java/lang/invoke/LambdaForm$MH+0x000000010025b400'
Event: 155.230 Thread 0x0000021ef9e656e0 Unloading class 0x000000010025b000 'java/lang/invoke/LambdaForm$BMH+0x000000010025b000'
Event: 155.230 Thread 0x0000021ef9e656e0 Unloading class 0x000000010025ac00 'java/lang/invoke/LambdaForm$DMH+0x000000010025ac00'
Event: 155.230 Thread 0x0000021ef9e656e0 Unloading class 0x0000000100258400 'java/lang/invoke/LambdaForm$DMH+0x0000000100258400'

Classes redefined (0 events):
No events

Internal exceptions (20 events):
Event: 172.749 Thread 0x0000021e81efcd90 Exception <a 'sun/nio/fs/WindowsException'{0x00000000eb9a9778}> (0x00000000eb9a9778) 
thrown [s\src\hotspot\share\prims\jni.cpp, line 516]
Event: 172.834 Thread 0x0000021e81efcd90 Exception <a 'sun/nio/fs/WindowsException'{0x00000000eb9ad160}> (0x00000000eb9ad160) 
thrown [s\src\hotspot\share\prims\jni.cpp, line 516]
Event: 172.835 Thread 0x0000021e81efcd90 Exception <a 'sun/nio/fs/WindowsException'{0x00000000eb9ad848}> (0x00000000eb9ad848) 
thrown [s\src\hotspot\share\prims\jni.cpp, line 516]
Event: 172.835 Thread 0x0000021e81efcd90 Exception <a 'sun/nio/fs/WindowsException'{0x00000000eb9adf30}> (0x00000000eb9adf30) 
thrown [s\src\hotspot\share\prims\jni.cpp, line 516]
Event: 172.835 Thread 0x0000021e81efcd90 Exception <a 'sun/nio/fs/WindowsException'{0x00000000eb9ae630}> (0x00000000eb9ae630) 
thrown [s\src\hotspot\share\prims\jni.cpp, line 516]
Event: 174.308 Thread 0x0000021e81efc370 Exception <a 'java/lang/NoSuchMethodError'{0x00000000eb6da850}: 'java.lang.Object java.lang.invoke.DirectMethodHandle$Holder.invokeInterface(java.lang.Object, java.lang.Object, java.lang.Object)'> (0x00000000eb6da850) 
thrown [s\src\hotspot\share\interpreter\linkResolver.cpp, line 759]
Event: 174.369 Thread 0x0000021e81efc370 Exception <a 'java/io/FileNotFoundException'{0x00000000eb7f1ad8}> (0x00000000eb7f1ad8) 
thrown [s\src\hotspot\share\prims\jni.cpp, line 516]
Event: 174.370 Thread 0x0000021e81efc370 Exception <a 'java/io/FileNotFoundException'{0x00000000eb7f2fe8}> (0x00000000eb7f2fe8) 
thrown [s\src\hotspot\share\prims\jni.cpp, line 516]
Event: 174.371 Thread 0x0000021e81efc370 Exception <a 'java/lang/NoSuchMethodError'{0x00000000eb7fe580}: 'java.lang.Object java.lang.invoke.DirectMethodHandle$Holder.newInvokeSpecial(java.lang.Object, java.lang.Object, java.lang.Object, int)'> (0x00000000eb7fe580) 
thrown [s\src\hotspot\share\interpreter\linkResolver.cpp, line 759]
Event: 174.372 Thread 0x0000021e81efc370 Exception <a 'java/lang/NoSuchMethodError'{0x00000000eb802688}: 'java.lang.Object java.lang.invoke.DirectMethodHandle$Holder.invokeSpecial(java.lang.Object, java.lang.Object, java.lang.Object, java.lang.Object, int)'> (0x00000000eb802688) 
thrown [s\src\hotspot\share\interpreter\linkResolver.cpp, line 759]
Event: 174.372 Thread 0x0000021e81efc370 Exception <a 'java/lang/NoSuchMethodError'{0x00000000eb805d90}: 'java.lang.Object java.lang.invoke.Invokers$Holder.linkToTargetMethod(java.lang.Object, java.lang.Object, int, java.lang.Object)'> (0x00000000eb805d90) 
thrown [s\src\hotspot\share\interpreter\linkResolver.cpp, line 759]
Event: 178.943 Thread 0x0000021e81efc370 Exception <a 'java/lang/NoSuchMethodError'{0x00000000ebe97698}: 'java.lang.Object java.lang.invoke.Invokers$Holder.invoke_MT(java.lang.Object, java.lang.Object, java.lang.Object)'> (0x00000000ebe97698) 
thrown [s\src\hotspot\share\interpreter\linkResolver.cpp, line 759]
Event: 195.094 Thread 0x0000021e81efc370 Exception <a 'java/io/FileNotFoundException'{0x00000000eb30d748}> (0x00000000eb30d748) 
thrown [s\src\hotspot\share\prims\jni.cpp, line 516]
Event: 195.094 Thread 0x0000021e81efc370 Exception <a 'java/io/FileNotFoundException'{0x00000000eb30e750}> (0x00000000eb30e750) 
thrown [s\src\hotspot\share\prims\jni.cpp, line 516]
Event: 196.174 Thread 0x0000021e81efc370 Exception <a 'sun/nio/fs/WindowsException'{0x00000000eb3be938}> (0x00000000eb3be938) 
thrown [s\src\hotspot\share\prims\jni.cpp, line 516]
Event: 196.175 Thread 0x0000021e81efc370 Exception <a 'sun/nio/fs/WindowsException'{0x00000000eb3beef0}> (0x00000000eb3beef0) 
thrown [s\src\hotspot\share\prims\jni.cpp, line 516]
Event: 196.176 Thread 0x0000021e81efc370 Exception <a 'sun/nio/fs/WindowsException'{0x00000000eb3c25a8}> (0x00000000eb3c25a8) 
thrown [s\src\hotspot\share\prims\jni.cpp, line 516]
Event: 196.176 Thread 0x0000021e81efc370 Exception <a 'sun/nio/fs/WindowsException'{0x00000000eb3c2b60}> (0x00000000eb3c2b60) 
thrown [s\src\hotspot\share\prims\jni.cpp, line 516]
Event: 196.575 Thread 0x0000021eff54ddd0 Exception <a 'java/lang/NoSuchMethodError'{0x00000000eb4d0ba8}: 'java.lang.Object java.lang.invoke.DirectMethodHandle$Holder.invokeSpecial(java.lang.Object, java.lang.Object, int, long)'> (0x00000000eb4d0ba8) 
thrown [s\src\hotspot\share\interpreter\linkResolver.cpp, line 759]
Event: 214.608 Thread 0x0000021eff54e2e0 Exception <a 'sun/nio/fs/WindowsException'{0x00000000ebc02f30}> (0x00000000ebc02f30) 
thrown [s\src\hotspot\share\prims\jni.cpp, line 516]

VM Operations (20 events):
Event: 238.374 Executing VM operation: Cleanup
Event: 238.374 Executing VM operation: Cleanup done
Event: 240.004 Executing VM operation: ParallelGCFailedAllocation
Event: 240.009 Executing VM operation: ParallelGCFailedAllocation done
Event: 240.102 Executing VM operation: ParallelGCFailedAllocation
Event: 240.107 Executing VM operation: ParallelGCFailedAllocation done
Event: 240.393 Executing VM operation: ParallelGCFailedAllocation
Event: 240.403 Executing VM operation: ParallelGCFailedAllocation done
Event: 240.475 Executing VM operation: ParallelGCFailedAllocation
Event: 240.477 Executing VM operation: ParallelGCFailedAllocation done
Event: 241.486 Executing VM operation: Cleanup
Event: 241.486 Executing VM operation: Cleanup done
Event: 241.659 Executing VM operation: HandshakeAllThreads
Event: 241.659 Executing VM operation: HandshakeAllThreads done
Event: 243.677 Executing VM operation: Cleanup
Event: 243.677 Executing VM operation: Cleanup done
Event: 246.702 Executing VM operation: Cleanup
Event: 246.702 Executing VM operation: Cleanup done
Event: 256.739 Executing VM operation: Cleanup
Event: 256.957 Executing VM operation: Cleanup done

Memory protections (0 events):
No events

Nmethod flushes (20 events):
Event: 161.328 Thread 0x0000021eff022920 flushing  nmethod 0x0000021ee95df210
Event: 161.328 Thread 0x0000021eff022920 flushing  nmethod 0x0000021ee95e1090
Event: 161.328 Thread 0x0000021eff022920 flushing  nmethod 0x0000021ee95efc10
Event: 161.328 Thread 0x0000021eff022920 flushing  nmethod 0x0000021ee9602190
Event: 161.328 Thread 0x0000021eff022920 flushing  nmethod 0x0000021ee9604b10
Event: 161.328 Thread 0x0000021eff022920 flushing  nmethod 0x0000021ee9622890
Event: 161.328 Thread 0x0000021eff022920 flushing  nmethod 0x0000021ee9623190
Event: 161.328 Thread 0x0000021eff022920 flushing  nmethod 0x0000021ee9623d90
Event: 161.329 Thread 0x0000021eff022920 flushing  nmethod 0x0000021ee962ff10
Event: 161.329 Thread 0x0000021eff022920 flushing  nmethod 0x0000021ee964d410
Event: 161.329 Thread 0x0000021eff022920 flushing  nmethod 0x0000021ee9651090
Event: 161.329 Thread 0x0000021eff022920 flushing  nmethod 0x0000021ee9651610
Event: 161.329 Thread 0x0000021eff022920 flushing  nmethod 0x0000021ee9651e90
Event: 161.329 Thread 0x0000021eff022920 flushing  nmethod 0x0000021ee9652510
Event: 161.329 Thread 0x0000021eff022920 flushing  nmethod 0x0000021ee9652c10
Event: 161.329 Thread 0x0000021eff022920 flushing  nmethod 0x0000021ee9659890
Event: 161.329 Thread 0x0000021eff022920 flushing  nmethod 0x0000021ee9691d10
Event: 161.329 Thread 0x0000021eff022920 flushing  nmethod 0x0000021ee96dfb10
Event: 161.329 Thread 0x0000021eff022920 flushing  nmethod 0x0000021ee9705f90
Event: 192.418 Thread 0x0000021eff022920 flushing  nmethod 0x0000021ee8ef3f10

Events (20 events):
Event: 142.923 Thread 0x0000021eff7d0fd0 Thread added: 0x0000021eff54c990
Event: 145.817 Thread 0x0000021eff7d0fd0 Thread added: 0x0000021eff54d8c0
Event: 149.596 Thread 0x0000021eff7d0fd0 Thread added: 0x0000021eff54b040
Event: 149.739 Thread 0x0000021eff7d0fd0 Thread added: 0x0000021eff54ddd0
Event: 149.835 Thread 0x0000021eff7d0fd0 Thread added: 0x0000021eff54c480
Event: 157.443 Thread 0x0000021eff7d0fd0 Thread added: 0x0000021eff54b550
Event: 157.444 Thread 0x0000021eff54ddd0 Thread added: 0x0000021eff54e2e0
Event: 157.778 Thread 0x0000021eff54c990 Thread exited: 0x0000021eff54c990
Event: 157.780 Thread 0x0000021eff54e2e0 Thread added: 0x0000021eff54ba60
Event: 160.169 Thread 0x0000021ee6034090 Thread added: 0x0000021eff54cea0
Event: 160.170 Thread 0x0000021ee6034090 Thread added: 0x0000021e81efaf30
Event: 160.170 Thread 0x0000021ee6034090 Thread added: 0x0000021e81efb440
Event: 160.170 Thread 0x0000021ee6034090 Thread added: 0x0000021e81efbe60
Event: 160.170 Thread 0x0000021ee6034090 Thread added: 0x0000021e81efa510
Event: 160.288 Thread 0x0000021ee6034090 Thread added: 0x0000021e81efaa20
Event: 162.007 Thread 0x0000021ee6034090 Thread added: 0x0000021e81efb950
Event: 162.008 Thread 0x0000021ee6034090 Thread added: 0x0000021e81efc370
Event: 165.810 Thread 0x0000021eff54ddd0 Thread added: 0x0000021e81efcd90
Event: 196.182 Thread 0x0000021e81efc370 Thread added: 0x0000021eff54e7f0
Event: 215.814 Thread 0x0000021eff54ddd0 Thread added: 0x0000021eff54c990


Dynamic libraries:
0x00007ff75e890000 - 0x00007ff75e89e000 	c:\Users\VICKY\.vscode\extensions\redhat.java-1.38.0-win32-x64\jre\17.0.13-win32-x86_64\bin\java.exe
0x00007ffb01cd0000 - 0x00007ffb01ec8000 	C:\Windows\SYSTEM32\ntdll.dll
0x00007ffb00a70000 - 0x00007ffb00b32000 	C:\Windows\System32\KERNEL32.DLL
0x00007ffaff780000 - 0x00007ffaffa7f000 	C:\Windows\System32\KERNELBASE.dll
0x00007ffaff580000 - 0x00007ffaff680000 	C:\Windows\System32\ucrtbase.dll
0x00007ffaf0af0000 - 0x00007ffaf0b0e000 	c:\Users\VICKY\.vscode\extensions\redhat.java-1.38.0-win32-x64\jre\17.0.13-win32-x86_64\bin\VCRUNTIME140.dll
0x00007ffaf5c60000 - 0x00007ffaf5c77000 	c:\Users\VICKY\.vscode\extensions\redhat.java-1.38.0-win32-x64\jre\17.0.13-win32-x86_64\bin\jli.dll
0x00007ffb01af0000 - 0x00007ffb01c8d000 	C:\Windows\System32\USER32.dll
0x00007ffaff550000 - 0x00007ffaff572000 	C:\Windows\System32\win32u.dll
0x00007ffaeb200000 - 0x00007ffaeb49a000 	C:\Windows\WinSxS\amd64_microsoft.windows.common-controls_6595b64144ccf1df_6.0.19041.4355_none_60b8b9eb71f62e16\COMCTL32.dll
0x00007ffb005c0000 - 0x00007ffb005eb000 	C:\Windows\System32\GDI32.dll
0x00007ffb00150000 - 0x00007ffb001ee000 	C:\Windows\System32\msvcrt.dll
0x00007ffaffb20000 - 0x00007ffaffc37000 	C:\Windows\System32\gdi32full.dll
0x00007ffaffa80000 - 0x00007ffaffb1d000 	C:\Windows\System32\msvcp_win.dll
0x00007ffaffff0000 - 0x00007ffb0001f000 	C:\Windows\System32\IMM32.DLL
0x00007ffaed4b0000 - 0x00007ffaed4bc000 	c:\Users\VICKY\.vscode\extensions\redhat.java-1.38.0-win32-x64\jre\17.0.13-win32-x86_64\bin\vcruntime140_1.dll
0x00007ffae36f0000 - 0x00007ffae377d000 	c:\Users\VICKY\.vscode\extensions\redhat.java-1.38.0-win32-x64\jre\17.0.13-win32-x86_64\bin\msvcp140.dll
0x00007ffac07d0000 - 0x00007ffac143b000 	c:\Users\VICKY\.vscode\extensions\redhat.java-1.38.0-win32-x64\jre\17.0.13-win32-x86_64\bin\server\jvm.dll
0x00007ffb00b40000 - 0x00007ffb00bf1000 	C:\Windows\System32\ADVAPI32.dll
0x00007ffb00520000 - 0x00007ffb005bf000 	C:\Windows\System32\sechost.dll
0x00007ffb001f0000 - 0x00007ffb00313000 	C:\Windows\System32\RPCRT4.dll
0x00007ffaffc40000 - 0x00007ffaffc67000 	C:\Windows\System32\bcrypt.dll
0x00007ffb01960000 - 0x00007ffb019cb000 	C:\Windows\System32\WS2_32.dll
0x00007ffaff1c0000 - 0x00007ffaff20b000 	C:\Windows\SYSTEM32\POWRPROF.dll
0x00007ffaee430000 - 0x00007ffaee457000 	C:\Windows\SYSTEM32\WINMM.dll
0x00007ffaee230000 - 0x00007ffaee23a000 	C:\Windows\SYSTEM32\VERSION.dll
0x00007ffaff0f0000 - 0x00007ffaff102000 	C:\Windows\SYSTEM32\UMPDC.dll
0x00007ffafdb40000 - 0x00007ffafdb52000 	C:\Windows\SYSTEM32\kernel.appcore.dll
0x00007ffaed410000 - 0x00007ffaed41a000 	c:\Users\VICKY\.vscode\extensions\redhat.java-1.38.0-win32-x64\jre\17.0.13-win32-x86_64\bin\jimage.dll
0x00007ffafd820000 - 0x00007ffafda04000 	C:\Windows\SYSTEM32\DBGHELP.DLL
0x00007ffaee1c0000 - 0x00007ffaee1f4000 	C:\Windows\SYSTEM32\dbgcore.DLL
0x00007ffaff4c0000 - 0x00007ffaff542000 	C:\Windows\System32\bcryptPrimitives.dll
0x00007ffaecd90000 - 0x00007ffaecd9e000 	c:\Users\VICKY\.vscode\extensions\redhat.java-1.38.0-win32-x64\jre\17.0.13-win32-x86_64\bin\instrument.dll
0x00007ffae6b20000 - 0x00007ffae6b45000 	c:\Users\VICKY\.vscode\extensions\redhat.java-1.38.0-win32-x64\jre\17.0.13-win32-x86_64\bin\java.dll
0x00007ffaecd30000 - 0x00007ffaecd48000 	c:\Users\VICKY\.vscode\extensions\redhat.java-1.38.0-win32-x64\jre\17.0.13-win32-x86_64\bin\zip.dll
0x00007ffb01100000 - 0x00007ffb0186e000 	C:\Windows\System32\SHELL32.dll
0x00007ffafcfb0000 - 0x00007ffafd754000 	C:\Windows\SYSTEM32\windows.storage.dll
0x00007ffb00c10000 - 0x00007ffb00f65000 	C:\Windows\System32\combase.dll
0x00007ffafebe0000 - 0x00007ffafec0f000 	C:\Windows\SYSTEM32\Wldp.dll
0x00007ffb01020000 - 0x00007ffb010ed000 	C:\Windows\System32\OLEAUT32.dll
0x00007ffb00470000 - 0x00007ffb0051d000 	C:\Windows\System32\SHCORE.dll
0x00007ffb00410000 - 0x00007ffb00465000 	C:\Windows\System32\shlwapi.dll
0x00007ffaff290000 - 0x00007ffaff2b4000 	C:\Windows\SYSTEM32\profapi.dll
0x00007ffaecad0000 - 0x00007ffaecae9000 	C:\Users\VICKY\.vscode\extensions\redhat.java-1.38.0-win32-x64\jre\17.0.13-win32-x86_64\bin\net.dll
0x00007ffaf4ad0000 - 0x00007ffaf4bdd000 	C:\Windows\SYSTEM32\WINHTTP.dll
0x00007ffafe9c0000 - 0x00007ffafea2a000 	C:\Windows\system32\mswsock.dll
0x00007ffae9c40000 - 0x00007ffae9c56000 	C:\Users\VICKY\.vscode\extensions\redhat.java-1.38.0-win32-x64\jre\17.0.13-win32-x86_64\bin\nio.dll
0x00007ffaeb1a0000 - 0x00007ffaeb1b0000 	c:\Users\VICKY\.vscode\extensions\redhat.java-1.38.0-win32-x64\jre\17.0.13-win32-x86_64\bin\verify.dll
0x00007ffae6e20000 - 0x00007ffae6e65000 	C:\Users\VICKY\AppData\Roaming\Code\User\globalStorage\redhat.java\1.38.0\config_win\org.eclipse.equinox.launcher\org.eclipse.equinox.launcher.win32.win32.x86_64_1.2.1100.v20240722-2106\eclipse_11904.dll
0x00007ffb00020000 - 0x00007ffb0014b000 	C:\Windows\System32\ole32.dll
0x00007ffafec20000 - 0x00007ffafec38000 	C:\Windows\SYSTEM32\CRYPTSP.dll
0x00007ffafe300000 - 0x00007ffafe334000 	C:\Windows\system32\rsaenh.dll
0x00007ffaff250000 - 0x00007ffaff27e000 	C:\Windows\SYSTEM32\USERENV.dll
0x00007ffafeb50000 - 0x00007ffafeb5c000 	C:\Windows\SYSTEM32\CRYPTBASE.dll
0x00007ffafe6c0000 - 0x00007ffafe6fb000 	C:\Windows\SYSTEM32\IPHLPAPI.DLL
0x00007ffb01870000 - 0x00007ffb01878000 	C:\Windows\System32\NSI.dll
0x00007ffaf5c40000 - 0x00007ffaf5c57000 	C:\Windows\SYSTEM32\dhcpcsvc6.DLL
0x00007ffaf6cd0000 - 0x00007ffaf6ced000 	C:\Windows\SYSTEM32\dhcpcsvc.DLL
0x00007ffafe700000 - 0x00007ffafe7ca000 	C:\Windows\SYSTEM32\DNSAPI.dll
0x00007ffae6cb0000 - 0x00007ffae6cf9000 	C:\Users\VICKY\AppData\Local\Temp\jna-81664350\jna15866323610252866099.dll
0x00007ffb010f0000 - 0x00007ffb010f8000 	C:\Windows\System32\PSAPI.DLL

dbghelp: loaded successfully - version: 4.0.5 - missing functions: none
symbol engine: initialized successfully - sym options: 0x614 - pdb path: .;c:\Users\VICKY\.vscode\extensions\redhat.java-1.38.0-win32-x64\jre\17.0.13-win32-x86_64\bin;C:\Windows\SYSTEM32;C:\Windows\WinSxS\amd64_microsoft.windows.common-controls_6595b64144ccf1df_6.0.19041.4355_none_60b8b9eb71f62e16;c:\Users\VICKY\.vscode\extensions\redhat.java-1.38.0-win32-x64\jre\17.0.13-win32-x86_64\bin\server;C:\Users\VICKY\AppData\Roaming\Code\User\globalStorage\redhat.java\1.38.0\config_win\org.eclipse.equinox.launcher\org.eclipse.equinox.launcher.win32.win32.x86_64_1.2.1100.v20240722-2106;C:\Users\VICKY\AppData\Local\Temp\jna-81664350

VM Arguments:
jvm_args: --add-modules=ALL-SYSTEM --add-opens=java.base/java.util=ALL-UNNAMED --add-opens=java.base/java.lang=ALL-UNNAMED --add-opens=java.base/sun.nio.fs=ALL-UNNAMED -Declipse.application=org.eclipse.jdt.ls.core.id1 -Dosgi.bundles.defaultStartLevel=4 -Declipse.product=org.eclipse.jdt.ls.core.product -Djava.import.generatesMetadataFilesAtProjectRoot=false -DDetectVMInstallationsJob.disabled=true -Dfile.encoding=utf8 -XX:+UseParallelGC -XX:GCTimeRatio=4 -XX:AdaptiveSizePolicyWeight=90 -Dsun.zip.disableMemoryMapping=true -Xmx1G -Xms100m -Xlog:disable -javaagent:c:\Users\VICKY\.vscode\extensions\redhat.java-1.38.0-win32-x64\lombok\lombok-1.18.34.jar -XX:+HeapDumpOnOutOfMemoryError -XX:HeapDumpPath=c:\Users\VICKY\AppData\Roaming\Code\User\workspaceStorage\095fdcc70cab7a2eddf88d35d792971f\redhat.java -Daether.dependencyCollector.impl=bf 
java_command: c:\Users\VICKY\.vscode\extensions\redhat.java-1.38.0-win32-x64\server\plugins\org.eclipse.equinox.launcher_1.6.900.v20240613-2009.jar -configuration c:\Users\VICKY\AppData\Roaming\Code\User\globalStorage\redhat.java\1.38.0\config_win -data c:\Users\VICKY\AppData\Roaming\Code\User\workspaceStorage\095fdcc70cab7a2eddf88d35d792971f\redhat.java\jdt_ws --pipe=\\.\pipe\lsp-f805d2badd12c4ed8f94dac1d4e0f3c4-sock
java_class_path (initial): c:\Users\VICKY\.vscode\extensions\redhat.java-1.38.0-win32-x64\server\plugins\org.eclipse.equinox.launcher_1.6.900.v20240613-2009.jar
Launcher Type: SUN_STANDARD

[Global flags]
    uintx AdaptiveSizePolicyWeight                 = 90                                        {product} {command line}
     intx CICompilerCount                          = 3                                         {product} {ergonomic}
    uintx GCTimeRatio                              = 4                                         {product} {command line}
     bool HeapDumpOnOutOfMemoryError               = true                                   {manageable} {command line}
    ccstr HeapDumpPath                             = c:\Users\VICKY\AppData\Roaming\Code\User\workspaceStorage\095fdcc70cab7a2eddf88d35d792971f\redhat.java         {manageable} {command line}
   size_t InitialHeapSize                          = 104857600                                 {product} {command line}
   size_t MaxHeapSize                              = 1073741824                                {product} {command line}
   size_t MaxNewSize                               = 357564416                                 {product} {ergonomic}
   size_t MinHeapDeltaBytes                        = 524288                                    {product} {ergonomic}
   size_t MinHeapSize                              = 104857600                                 {product} {command line}
   size_t NewSize                                  = 34603008                                  {product} {ergonomic}
    uintx NonNMethodCodeHeapSize                   = 5832780                                {pd product} {ergonomic}
    uintx NonProfiledCodeHeapSize                  = 122912730                              {pd product} {ergonomic}
   size_t OldSize                                  = 70254592                                  {product} {ergonomic}
    uintx ProfiledCodeHeapSize                     = 122912730                              {pd product} {ergonomic}
    uintx ReservedCodeCacheSize                    = 251658240                              {pd product} {ergonomic}
     bool SegmentedCodeCache                       = true                                      {product} {ergonomic}
   size_t SoftMaxHeapSize                          = 1073741824                             {manageable} {ergonomic}
     bool UseCompressedClassPointers               = true                           {product lp64_product} {ergonomic}
     bool UseCompressedOops                        = true                           {product lp64_product} {ergonomic}
     bool UseLargePagesIndividualAllocation        = false                                  {pd product} {ergonomic}
     bool UseParallelGC                            = true                                      {product} {command line}

Logging:
Log output configuration:
 #0: stdout all=off uptime,level,tags
 #1: stderr all=off uptime,level,tags

Environment Variables:
JAVA_HOME=D:\Goutam\JDK21\jdk-21
CLASSPATH=D:\Goutam\CDAC\Assignments\Java\Class & Object\assignment1
PATH=D:\Goutam\JetBrains\IntelliJ IDEA Community Edition 2024.1.4\bin;D:\Goutam\JDK21\jdk-21\bin;C:\Program Files\Common Files\Oracle\Java\javapath;C:\Windows\System32;C:\Program Files\Python310\Scripts;C:\Program Files\Cloudflare\Cloudflare WARP\;D:\Goutam\nodejs\;C:\Program Files\PuTTY\;C:\Program Files\dotnet\;C:\Program Files\Microsoft SQL Server\150\Tools\Binn\;C:\Users\VICKY\apache-maven-3.9.9-bin\apache-maven-3.9.9\bin;C:\Program Files;C:\Users\VICKY\AppData\Local\Microsoft\WindowsApps;"C:\Users\VICKY\AppData\Roaming\npm;C:\Program Files\Java\jdk1.8.0_181";D:\PyCharm Community Edition 2023.1.2\bin;;C:\Program Files (x86)\mingw-w64\i686-8.1.0-posix-dwarf-rt_v6-rev0\mingw32\bin;C:\Program Files (x86)\mingw-w64\i686-8.1.0-posix-dwarf-rt_v6-rev0\mingw32\bin;C:\xampp\mysql\bin;C:\Users\VICKY\PycharmProjects\pythonProject\venv\Lib\site-packages;C:\Users\VICKY\.dotnet\tools;C:\Program Files (x86)\mingw-w64\i686-8.1.0-posix-dwarf-rt_v6-rev0;C:\Program Files\Python310;C:\Program Files\Python310\Scripts;C:\Windows\System32\cmd.exe;C:\Windows\System32\cmd.exe;C:\Users\VICKY\Desktop\mine work;D:\VIKAS\project\PyCharm 2022.3.3\bin;;C:\Program Files\Python310\Scripts;C:\MinGW\bin;D:\var\lib\mingw-get\data;D:\mingw32\bin;D:\mingw32\bin;D:\bin;C:\Users\VICKY\AppData\Local\Programs\Microsoft VS Code\bin;C:\MinGW\bin;C:\Program Files\python310\venv\Scripts;C:\Users\VICKY\AppData\Local\Programs\Python\Python37\Scripts;D:\Goutam\JetBrains\IntelliJ IDEA Community Edition 2024.1.4\bin;;C:\Windows\System32\cmd.exe;;C:\Users\VICKY\AppData\Local\spicetify;C:\Users\VICKY\AppData\Roaming\npm;C:\Users\VICKY\.dotnet\tools
USERNAME=VICKY
OS=Windows_NT
PROCESSOR_IDENTIFIER=Intel64 Family 6 Model 61 Stepping 4, GenuineIntel
TMP=C:\Users\VICKY\AppData\Local\Temp
TEMP=C:\Users\VICKY\AppData\Local\Temp



Periodic native trim disabled


---------------  S Y S T E M  ---------------

OS:
 Windows 10 , 64 bit Build 19041 (10.0.19041.5198)
OS uptime: 0 days 6:14 hours
Hyper-V role detected

CPU: total 4 (initial active 4) (2 cores per cpu, 2 threads per core) family 6 model 61 stepping 4 microcode 0x2d, cx8, cmov, fxsr, ht, mmx, 3dnowpref, sse, sse2, sse3, ssse3, sse4.1, sse4.2, popcnt, lzcnt, tsc, tscinvbit, avx, avx2, aes, erms, clmul, bmi1, bmi2, adx, fma, vzeroupper, clflush, hv
Processor Information for all 4 processors :
  Max Mhz: 2097, Current Mhz: 2097, Mhz Limit: 2097

Memory: 4k page, system-wide physical 3517M (211M free)
TotalPageFile size 7347M (AvailPageFile size 14M)
current process WorkingSet (physical memory assigned to process): 192M, peak: 242M
current process commit charge ("private bytes"): 269M, peak: 312M

vm_info: OpenJDK 64-Bit Server VM (17.0.13+11) for windows-amd64 JRE (17.0.13+11), built on Oct 16 2024 00:10:08 by "admin" with MS VC++ 17.7 (VS2022)

END.
